d:\schule\cge\foodgalaxy\debug\vc141.pdb
d:\schule\cge\foodgalaxy\debug\vc141.idb
d:\schule\cge\foodgalaxy\debug\tga.obj
d:\schule\cge\foodgalaxy\debug\object.obj
d:\schule\cge\foodgalaxy\debug\obj_loader.obj
d:\schule\cge\foodgalaxy\debug\mesh.obj
d:\schule\cge\foodgalaxy\debug\main.obj
d:\schule\cge\foodgalaxy\debug\galaxy.obj
d:\schule\cge\foodgalaxy\debug\glew.obj
d:\schule\cge\foodgalaxy\debug\helloworldopengl.lib
d:\schule\cge\foodgalaxy\debug\helloworldopengl.exp
d:\schule\cge\foodgalaxy\debug\helloworldopengl.ilk
d:\schule\cge\foodgalaxy\debug\helloworldopengl.exe
d:\schule\cge\foodgalaxy\debug\helloworldopengl.pdb
d:\schule\cge\foodgalaxy\debug\helloworldopengl.tlog\cl.command.1.tlog
d:\schule\cge\foodgalaxy\debug\helloworldopengl.tlog\cl.read.1.tlog
d:\schule\cge\foodgalaxy\debug\helloworldopengl.tlog\cl.write.1.tlog
d:\schule\cge\foodgalaxy\debug\helloworldopengl.tlog\helloworldopengl.write.1u.tlog
d:\schule\cge\foodgalaxy\debug\helloworldopengl.tlog\link.command.1.tlog
d:\schule\cge\foodgalaxy\debug\helloworldopengl.tlog\link.read.1.tlog
d:\schule\cge\foodgalaxy\debug\helloworldopengl.tlog\link.write.1.tlog
